{"/home/andre/Documents/dev/react-native/productsMobile/src/routes.tsx": {"path":"/home/andre/Documents/dev/react-native/productsMobile/src/routes.tsx","statementMap":{"0":{"start":{"line":15,"column":14},"end":{"line":15,"column":36}},"1":{"start":{"line":18,"column":2},"end":{"line":39,"column":4}}},"fnMap":{"0":{"name":"Routes","decl":{"start":{"line":17,"column":9},"end":{"line":17,"column":15}},"loc":{"start":{"line":17,"column":18},"end":{"line":40,"column":1}},"line":17}},"branchMap":{},"s":{"0":1,"1":2},"f":{"0":2},"b":{},"_coverageSchema":"1a1c01bbd47fc00a2c39e90264f33305004495a9","hash":"01c9c5216c2b7165ab1c02473ac6d3ddcc9b2cb7"}
,"/home/andre/Documents/dev/react-native/productsMobile/src/common/convert-money.ts": {"path":"/home/andre/Documents/dev/react-native/productsMobile/src/common/convert-money.ts","statementMap":{"0":{"start":{"line":1,"column":30},"end":{"line":4,"column":1}},"1":{"start":{"line":2,"column":19},"end":{"line":2,"column":58}},"2":{"start":{"line":3,"column":2},"end":{"line":3,"column":37}}},"fnMap":{"0":{"name":"(anonymous_0)","decl":{"start":{"line":1,"column":30},"end":{"line":1,"column":31}},"loc":{"start":{"line":1,"column":49},"end":{"line":4,"column":1}},"line":1}},"branchMap":{},"s":{"0":5,"1":37,"2":37},"f":{"0":37},"b":{},"_coverageSchema":"1a1c01bbd47fc00a2c39e90264f33305004495a9","hash":"cab5ee6d2f5002f4ac3f42a13576fdc55627c691"}
,"/home/andre/Documents/dev/react-native/productsMobile/src/components/header/index.tsx": {"path":"/home/andre/Documents/dev/react-native/productsMobile/src/components/header/index.tsx","statementMap":{"0":{"start":{"line":15,"column":22},"end":{"line":23,"column":3}},"1":{"start":{"line":16,"column":4},"end":{"line":22,"column":5}},"2":{"start":{"line":17,"column":6},"end":{"line":21,"column":8}},"3":{"start":{"line":25,"column":2},"end":{"line":39,"column":4}}},"fnMap":{"0":{"name":"Header","decl":{"start":{"line":14,"column":9},"end":{"line":14,"column":15}},"loc":{"start":{"line":14,"column":68},"end":{"line":40,"column":1}},"line":14},"1":{"name":"(anonymous_1)","decl":{"start":{"line":15,"column":22},"end":{"line":15,"column":23}},"loc":{"start":{"line":15,"column":28},"end":{"line":23,"column":3}},"line":15}},"branchMap":{"0":{"loc":{"start":{"line":16,"column":4},"end":{"line":22,"column":5}},"type":"if","locations":[{"start":{"line":16,"column":4},"end":{"line":22,"column":5}},{"start":{},"end":{}}],"line":16},"1":{"loc":{"start":{"line":28,"column":9},"end":{"line":30,"column":9}},"type":"binary-expr","locations":[{"start":{"line":28,"column":9},"end":{"line":28,"column":19}},{"start":{"line":29,"column":10},"end":{"line":29,"column":72}}],"line":28},"2":{"loc":{"start":{"line":32,"column":7},"end":{"line":37,"column":7}},"type":"binary-expr","locations":[{"start":{"line":32,"column":7},"end":{"line":32,"column":22}},{"start":{"line":33,"column":8},"end":{"line":36,"column":18}}],"line":32}},"s":{"0":44,"1":34,"2":1,"3":44},"f":{"0":44,"1":34},"b":{"0":[1,33],"1":[44,8],"2":[44,34]},"_coverageSchema":"1a1c01bbd47fc00a2c39e90264f33305004495a9","hash":"6d1985b816aff34f435dbccdc2f0c8b4c23e0457"}
,"/home/andre/Documents/dev/react-native/productsMobile/src/components/header/styles.ts": {"path":"/home/andre/Documents/dev/react-native/productsMobile/src/components/header/styles.ts","statementMap":{"0":{"start":{"line":6,"column":18},"end":{"line":6,"column":42}},"1":{"start":{"line":8,"column":25},"end":{"line":15,"column":1}},"2":{"start":{"line":17,"column":23},"end":{"line":21,"column":1}},"3":{"start":{"line":23,"column":20},"end":{"line":26,"column":1}},"4":{"start":{"line":28,"column":25},"end":{"line":38,"column":1}}},"fnMap":{},"branchMap":{},"s":{"0":4,"1":4,"2":4,"3":4,"4":4},"f":{},"b":{},"_coverageSchema":"1a1c01bbd47fc00a2c39e90264f33305004495a9","hash":"736f0af0d14439243e76eca59bea4028d14f504d"}
,"/home/andre/Documents/dev/react-native/productsMobile/src/components/loading/index.tsx": {"path":"/home/andre/Documents/dev/react-native/productsMobile/src/components/loading/index.tsx","statementMap":{"0":{"start":{"line":7,"column":2},"end":{"line":7,"column":67}}},"fnMap":{"0":{"name":"Loading","decl":{"start":{"line":6,"column":9},"end":{"line":6,"column":16}},"loc":{"start":{"line":6,"column":19},"end":{"line":8,"column":1}},"line":6}},"branchMap":{},"s":{"0":9},"f":{"0":9},"b":{},"_coverageSchema":"1a1c01bbd47fc00a2c39e90264f33305004495a9","hash":"525c1ce563dffd9718fdb4e8d84e05fecb987c88"}
,"/home/andre/Documents/dev/react-native/productsMobile/src/components/product/index.tsx": {"path":"/home/andre/Documents/dev/react-native/productsMobile/src/components/product/index.tsx","statementMap":{"0":{"start":{"line":22,"column":33},"end":{"line":22,"column":40}},"1":{"start":{"line":24,"column":58},"end":{"line":24,"column":67}},"2":{"start":{"line":25,"column":21},"end":{"line":25,"column":71}},"3":{"start":{"line":25,"column":48},"end":{"line":25,"column":70}},"4":{"start":{"line":27,"column":22},"end":{"line":32,"column":3}},"5":{"start":{"line":28,"column":4},"end":{"line":30,"column":5}},"6":{"start":{"line":29,"column":6},"end":{"line":29,"column":35}},"7":{"start":{"line":31,"column":4},"end":{"line":31,"column":23}},"8":{"start":{"line":34,"column":2},"end":{"line":52,"column":4}}},"fnMap":{"0":{"name":"Product","decl":{"start":{"line":21,"column":9},"end":{"line":21,"column":16}},"loc":{"start":{"line":21,"column":45},"end":{"line":53,"column":1}},"line":21},"1":{"name":"(anonymous_1)","decl":{"start":{"line":25,"column":40},"end":{"line":25,"column":41}},"loc":{"start":{"line":25,"column":48},"end":{"line":25,"column":70}},"line":25},"2":{"name":"(anonymous_2)","decl":{"start":{"line":27,"column":22},"end":{"line":27,"column":23}},"loc":{"start":{"line":27,"column":28},"end":{"line":32,"column":3}},"line":27}},"branchMap":{"0":{"loc":{"start":{"line":28,"column":4},"end":{"line":30,"column":5}},"type":"if","locations":[{"start":{"line":28,"column":4},"end":{"line":30,"column":5}},{"start":{},"end":{}}],"line":28},"1":{"loc":{"start":{"line":47,"column":13},"end":{"line":47,"column":49}},"type":"cond-expr","locations":[{"start":{"line":47,"column":26},"end":{"line":47,"column":35}},{"start":{"line":47,"column":38},"end":{"line":47,"column":49}}],"line":47}},"s":{"0":16,"1":16,"2":16,"3":1,"4":16,"5":2,"6":1,"7":1,"8":16},"f":{"0":16,"1":1,"2":2},"b":{"0":[1,1],"1":[1,15]},"_coverageSchema":"1a1c01bbd47fc00a2c39e90264f33305004495a9","hash":"a1affb5e0aee4e0f834ea289c14c59db27a4bb52"}
,"/home/andre/Documents/dev/react-native/productsMobile/src/components/product/styles.ts": {"path":"/home/andre/Documents/dev/react-native/productsMobile/src/components/product/styles.ts","statementMap":{"0":{"start":{"line":6,"column":18},"end":{"line":6,"column":42}},"1":{"start":{"line":12,"column":25},"end":{"line":18,"column":1}},"2":{"start":{"line":20,"column":23},"end":{"line":29,"column":1}},"3":{"start":{"line":31,"column":21},"end":{"line":37,"column":1}},"4":{"start":{"line":39,"column":23},"end":{"line":44,"column":1}},"5":{"start":{"line":46,"column":21},"end":{"line":50,"column":1}},"6":{"start":{"line":52,"column":25},"end":{"line":55,"column":1}},"7":{"start":{"line":57,"column":20},"end":{"line":60,"column":1}},"8":{"start":{"line":59,"column":30},"end":{"line":59,"column":75}},"9":{"start":{"line":62,"column":22},"end":{"line":69,"column":1}}},"fnMap":{"0":{"name":"(anonymous_0)","decl":{"start":{"line":59,"column":11},"end":{"line":59,"column":12}},"loc":{"start":{"line":59,"column":30},"end":{"line":59,"column":75}},"line":59}},"branchMap":{"0":{"loc":{"start":{"line":59,"column":30},"end":{"line":59,"column":75}},"type":"cond-expr","locations":[{"start":{"line":59,"column":45},"end":{"line":59,"column":58}},{"start":{"line":59,"column":61},"end":{"line":59,"column":75}}],"line":59}},"s":{"0":3,"1":3,"2":3,"3":3,"4":3,"5":3,"6":3,"7":3,"8":16,"9":3},"f":{"0":16},"b":{"0":[1,15]},"_coverageSchema":"1a1c01bbd47fc00a2c39e90264f33305004495a9","hash":"51d24f61c4d43f4f69cfcd139906b174a14aa562"}
,"/home/andre/Documents/dev/react-native/productsMobile/src/components/row-item/index.tsx": {"path":"/home/andre/Documents/dev/react-native/productsMobile/src/components/row-item/index.tsx","statementMap":{"0":{"start":{"line":25,"column":2},"end":{"line":40,"column":4}},"1":{"start":{"line":36,"column":54},"end":{"line":36,"column":75}}},"fnMap":{"0":{"name":"RowItem","decl":{"start":{"line":24,"column":9},"end":{"line":24,"column":16}},"loc":{"start":{"line":24,"column":52},"end":{"line":41,"column":1}},"line":24},"1":{"name":"(anonymous_1)","decl":{"start":{"line":36,"column":48},"end":{"line":36,"column":49}},"loc":{"start":{"line":36,"column":54},"end":{"line":36,"column":75}},"line":36}},"branchMap":{},"s":{"0":14,"1":1},"f":{"0":14,"1":1},"b":{},"_coverageSchema":"1a1c01bbd47fc00a2c39e90264f33305004495a9","hash":"42619fb18c14865cadb692f81f9bf8f63584d18b"}
,"/home/andre/Documents/dev/react-native/productsMobile/src/components/row-item/styles.ts": {"path":"/home/andre/Documents/dev/react-native/productsMobile/src/components/row-item/styles.ts","statementMap":{"0":{"start":{"line":6,"column":18},"end":{"line":6,"column":42}},"1":{"start":{"line":8,"column":25},"end":{"line":18,"column":1}},"2":{"start":{"line":20,"column":23},"end":{"line":20,"column":36}},"3":{"start":{"line":22,"column":23},"end":{"line":25,"column":1}},"4":{"start":{"line":27,"column":21},"end":{"line":33,"column":1}},"5":{"start":{"line":35,"column":20},"end":{"line":39,"column":1}},"6":{"start":{"line":41,"column":25},"end":{"line":44,"column":1}},"7":{"start":{"line":46,"column":22},"end":{"line":53,"column":1}}},"fnMap":{},"branchMap":{},"s":{"0":3,"1":3,"2":3,"3":3,"4":3,"5":3,"6":3,"7":3},"f":{},"b":{},"_coverageSchema":"1a1c01bbd47fc00a2c39e90264f33305004495a9","hash":"75ec1f0c2facafbb7d83933f7c95acc27507213b"}
,"/home/andre/Documents/dev/react-native/productsMobile/src/config/service.ts": {"path":"/home/andre/Documents/dev/react-native/productsMobile/src/config/service.ts","statementMap":{"0":{"start":{"line":1,"column":24},"end":{"line":1,"column":50}},"1":{"start":{"line":2,"column":23},"end":{"line":2,"column":25}},"2":{"start":{"line":4,"column":17},"end":{"line":4,"column":59}}},"fnMap":{},"branchMap":{"0":{"loc":{"start":{"line":4,"column":17},"end":{"line":4,"column":59}},"type":"cond-expr","locations":[{"start":{"line":4,"column":27},"end":{"line":4,"column":42}},{"start":{"line":4,"column":45},"end":{"line":4,"column":59}}],"line":4}},"s":{"0":1,"1":1,"2":1},"f":{},"b":{"0":[1,0]},"_coverageSchema":"1a1c01bbd47fc00a2c39e90264f33305004495a9","hash":"aa0412d7f964c217869f7aff4543bf385f3fac70"}
,"/home/andre/Documents/dev/react-native/productsMobile/src/constants/colors.ts": {"path":"/home/andre/Documents/dev/react-native/productsMobile/src/constants/colors.ts","statementMap":{"0":{"start":{"line":1,"column":22},"end":{"line":14,"column":1}}},"fnMap":{},"branchMap":{},"s":{"0":7},"f":{},"b":{},"_coverageSchema":"1a1c01bbd47fc00a2c39e90264f33305004495a9","hash":"62b894de4ca747e3296e673b1b2a5d1c2afd7d21"}
,"/home/andre/Documents/dev/react-native/productsMobile/src/providers/cart.tsx": {"path":"/home/andre/Documents/dev/react-native/productsMobile/src/providers/cart.tsx","statementMap":{"0":{"start":{"line":12,"column":27},"end":{"line":12,"column":51}},"1":{"start":{"line":18,"column":28},"end":{"line":47,"column":1}},"2":{"start":{"line":19,"column":34},"end":{"line":19,"column":58}},"3":{"start":{"line":20,"column":28},"end":{"line":20,"column":47}},"4":{"start":{"line":22,"column":18},"end":{"line":25,"column":3}},"5":{"start":{"line":23,"column":4},"end":{"line":23,"column":40}},"6":{"start":{"line":24,"column":4},"end":{"line":24,"column":36}},"7":{"start":{"line":27,"column":21},"end":{"line":34,"column":3}},"8":{"start":{"line":28,"column":24},"end":{"line":28,"column":71}},"9":{"start":{"line":28,"column":48},"end":{"line":28,"column":70}},"10":{"start":{"line":29,"column":4},"end":{"line":31,"column":5}},"11":{"start":{"line":30,"column":6},"end":{"line":30,"column":25}},"12":{"start":{"line":32,"column":4},"end":{"line":32,"column":34}},"13":{"start":{"line":33,"column":4},"end":{"line":33,"column":36}},"14":{"start":{"line":36,"column":20},"end":{"line":39,"column":3}},"15":{"start":{"line":37,"column":4},"end":{"line":37,"column":20}},"16":{"start":{"line":38,"column":4},"end":{"line":38,"column":16}},"17":{"start":{"line":41,"column":2},"end":{"line":46,"column":4}},"18":{"start":{"line":49,"column":23},"end":{"line":49,"column":52}},"19":{"start":{"line":49,"column":29},"end":{"line":49,"column":52}}},"fnMap":{"0":{"name":"(anonymous_0)","decl":{"start":{"line":18,"column":28},"end":{"line":18,"column":29}},"loc":{"start":{"line":18,"column":47},"end":{"line":47,"column":1}},"line":18},"1":{"name":"(anonymous_1)","decl":{"start":{"line":22,"column":18},"end":{"line":22,"column":19}},"loc":{"start":{"line":22,"column":41},"end":{"line":25,"column":3}},"line":22},"2":{"name":"(anonymous_2)","decl":{"start":{"line":27,"column":21},"end":{"line":27,"column":22}},"loc":{"start":{"line":27,"column":44},"end":{"line":34,"column":3}},"line":27},"3":{"name":"(anonymous_3)","decl":{"start":{"line":28,"column":40},"end":{"line":28,"column":41}},"loc":{"start":{"line":28,"column":48},"end":{"line":28,"column":70}},"line":28},"4":{"name":"(anonymous_4)","decl":{"start":{"line":36,"column":20},"end":{"line":36,"column":21}},"loc":{"start":{"line":36,"column":26},"end":{"line":39,"column":3}},"line":36},"5":{"name":"(anonymous_5)","decl":{"start":{"line":49,"column":23},"end":{"line":49,"column":24}},"loc":{"start":{"line":49,"column":29},"end":{"line":49,"column":52}},"line":49}},"branchMap":{"0":{"loc":{"start":{"line":29,"column":4},"end":{"line":31,"column":5}},"type":"if","locations":[{"start":{"line":29,"column":4},"end":{"line":31,"column":5}},{"start":{},"end":{}}],"line":29}},"s":{"0":4,"1":4,"2":2,"3":2,"4":2,"5":0,"6":0,"7":2,"8":0,"9":0,"10":0,"11":0,"12":0,"13":0,"14":2,"15":0,"16":0,"17":2,"18":4,"19":55},"f":{"0":2,"1":0,"2":0,"3":0,"4":0,"5":55},"b":{"0":[0,0]},"_coverageSchema":"1a1c01bbd47fc00a2c39e90264f33305004495a9","hash":"dfc36476b43073be1b4813d1acd228ae3843c1ee"}
,"/home/andre/Documents/dev/react-native/productsMobile/src/screens/cart/index.tsx": {"path":"/home/andre/Documents/dev/react-native/productsMobile/src/screens/cart/index.tsx","statementMap":{"0":{"start":{"line":28,"column":67},"end":{"line":28,"column":76}},"1":{"start":{"line":30,"column":19},"end":{"line":30,"column":58}},"2":{"start":{"line":32,"column":23},"end":{"line":34,"column":3}},"3":{"start":{"line":33,"column":4},"end":{"line":33,"column":26}},"4":{"start":{"line":36,"column":23},"end":{"line":39,"column":3}},"5":{"start":{"line":37,"column":4},"end":{"line":37,"column":18}},"6":{"start":{"line":38,"column":4},"end":{"line":38,"column":24}},"7":{"start":{"line":41,"column":22},"end":{"line":43,"column":3}},"8":{"start":{"line":42,"column":4},"end":{"line":42,"column":24}},"9":{"start":{"line":45,"column":19},"end":{"line":50,"column":3}},"10":{"start":{"line":46,"column":4},"end":{"line":48,"column":5}},"11":{"start":{"line":47,"column":6},"end":{"line":47,"column":61}},"12":{"start":{"line":49,"column":4},"end":{"line":49,"column":57}},"13":{"start":{"line":52,"column":2},"end":{"line":77,"column":4}},"14":{"start":{"line":58,"column":10},"end":{"line":62,"column":12}}},"fnMap":{"0":{"name":"CartScreen","decl":{"start":{"line":27,"column":9},"end":{"line":27,"column":19}},"loc":{"start":{"line":27,"column":43},"end":{"line":78,"column":1}},"line":27},"1":{"name":"(anonymous_1)","decl":{"start":{"line":32,"column":23},"end":{"line":32,"column":24}},"loc":{"start":{"line":32,"column":46},"end":{"line":34,"column":3}},"line":32},"2":{"name":"(anonymous_2)","decl":{"start":{"line":36,"column":23},"end":{"line":36,"column":24}},"loc":{"start":{"line":36,"column":29},"end":{"line":39,"column":3}},"line":36},"3":{"name":"(anonymous_3)","decl":{"start":{"line":41,"column":22},"end":{"line":41,"column":23}},"loc":{"start":{"line":41,"column":28},"end":{"line":43,"column":3}},"line":41},"4":{"name":"(anonymous_4)","decl":{"start":{"line":45,"column":19},"end":{"line":45,"column":20}},"loc":{"start":{"line":45,"column":25},"end":{"line":50,"column":3}},"line":45},"5":{"name":"(anonymous_5)","decl":{"start":{"line":57,"column":27},"end":{"line":57,"column":28}},"loc":{"start":{"line":58,"column":10},"end":{"line":62,"column":12}},"line":58}},"branchMap":{"0":{"loc":{"start":{"line":30,"column":19},"end":{"line":30,"column":58}},"type":"binary-expr","locations":[{"start":{"line":30,"column":19},"end":{"line":30,"column":31}},{"start":{"line":30,"column":35},"end":{"line":30,"column":58}}],"line":30},"1":{"loc":{"start":{"line":46,"column":4},"end":{"line":48,"column":5}},"type":"if","locations":[{"start":{"line":46,"column":4},"end":{"line":48,"column":5}},{"start":{},"end":{}}],"line":46},"2":{"loc":{"start":{"line":66,"column":41},"end":{"line":66,"column":51}},"type":"binary-expr","locations":[{"start":{"line":66,"column":41},"end":{"line":66,"column":46}},{"start":{"line":66,"column":50},"end":{"line":66,"column":51}}],"line":66}},"s":{"0":7,"1":7,"2":7,"3":0,"4":7,"5":1,"6":1,"7":7,"8":1,"9":7,"10":7,"11":5,"12":2,"13":7,"14":11},"f":{"0":7,"1":0,"2":1,"3":1,"4":7,"5":11},"b":{"0":[7,7],"1":[5,2],"2":[7,5]},"_coverageSchema":"1a1c01bbd47fc00a2c39e90264f33305004495a9","hash":"b6424d0ffb84b7cba50ebb13345ad404d89a24f5"}
,"/home/andre/Documents/dev/react-native/productsMobile/src/screens/cart/styles.ts": {"path":"/home/andre/Documents/dev/react-native/productsMobile/src/screens/cart/styles.ts","statementMap":{"0":{"start":{"line":5,"column":25},"end":{"line":8,"column":1}},"1":{"start":{"line":10,"column":29},"end":{"line":13,"column":1}},"2":{"start":{"line":15,"column":21},"end":{"line":19,"column":1}},"3":{"start":{"line":21,"column":20},"end":{"line":25,"column":1}},"4":{"start":{"line":27,"column":22},"end":{"line":31,"column":1}},"5":{"start":{"line":33,"column":22},"end":{"line":42,"column":1}}},"fnMap":{},"branchMap":{},"s":{"0":2,"1":2,"2":2,"3":2,"4":2,"5":2},"f":{},"b":{},"_coverageSchema":"1a1c01bbd47fc00a2c39e90264f33305004495a9","hash":"fcf9b583b53d267b76509c6eb2a9a64fbf538b33"}
,"/home/andre/Documents/dev/react-native/productsMobile/src/screens/home/index.tsx": {"path":"/home/andre/Documents/dev/react-native/productsMobile/src/screens/home/index.tsx","statementMap":{"0":{"start":{"line":21,"column":37},"end":{"line":21,"column":46}},"1":{"start":{"line":23,"column":34},"end":{"line":23,"column":58}},"2":{"start":{"line":24,"column":32},"end":{"line":24,"column":47}},"3":{"start":{"line":25,"column":23},"end":{"line":25,"column":38}},"4":{"start":{"line":27,"column":22},"end":{"line":32,"column":3}},"5":{"start":{"line":28,"column":4},"end":{"line":28,"column":21}},"6":{"start":{"line":29,"column":19},"end":{"line":29,"column":38}},"7":{"start":{"line":30,"column":4},"end":{"line":30,"column":22}},"8":{"start":{"line":31,"column":4},"end":{"line":31,"column":24}},"9":{"start":{"line":34,"column":22},"end":{"line":36,"column":3}},"10":{"start":{"line":35,"column":4},"end":{"line":35,"column":32}},"11":{"start":{"line":38,"column":2},"end":{"line":40,"column":9}},"12":{"start":{"line":39,"column":4},"end":{"line":39,"column":18}},"13":{"start":{"line":42,"column":2},"end":{"line":58,"column":4}},"14":{"start":{"line":51,"column":34},"end":{"line":51,"column":60}},"15":{"start":{"line":52,"column":30},"end":{"line":52,"column":37}},"16":{"start":{"line":54,"column":25},"end":{"line":54,"column":38}}},"fnMap":{"0":{"name":"HomeScreen","decl":{"start":{"line":20,"column":9},"end":{"line":20,"column":19}},"loc":{"start":{"line":20,"column":43},"end":{"line":59,"column":1}},"line":20},"1":{"name":"(anonymous_1)","decl":{"start":{"line":27,"column":22},"end":{"line":27,"column":23}},"loc":{"start":{"line":27,"column":34},"end":{"line":32,"column":3}},"line":27},"2":{"name":"(anonymous_2)","decl":{"start":{"line":34,"column":22},"end":{"line":34,"column":23}},"loc":{"start":{"line":34,"column":28},"end":{"line":36,"column":3}},"line":34},"3":{"name":"(anonymous_3)","decl":{"start":{"line":38,"column":12},"end":{"line":38,"column":13}},"loc":{"start":{"line":38,"column":18},"end":{"line":40,"column":3}},"line":38},"4":{"name":"(anonymous_4)","decl":{"start":{"line":51,"column":20},"end":{"line":51,"column":21}},"loc":{"start":{"line":51,"column":34},"end":{"line":51,"column":60}},"line":51},"5":{"name":"(anonymous_5)","decl":{"start":{"line":52,"column":22},"end":{"line":52,"column":23}},"loc":{"start":{"line":52,"column":30},"end":{"line":52,"column":37}},"line":52},"6":{"name":"(anonymous_6)","decl":{"start":{"line":54,"column":19},"end":{"line":54,"column":20}},"loc":{"start":{"line":54,"column":25},"end":{"line":54,"column":38}},"line":54}},"branchMap":{"0":{"loc":{"start":{"line":46,"column":20},"end":{"line":46,"column":45}},"type":"binary-expr","locations":[{"start":{"line":46,"column":20},"end":{"line":46,"column":40}},{"start":{"line":46,"column":44},"end":{"line":46,"column":45}}],"line":46},"1":{"loc":{"start":{"line":48,"column":7},"end":{"line":48,"column":29}},"type":"binary-expr","locations":[{"start":{"line":48,"column":7},"end":{"line":48,"column":14}},{"start":{"line":48,"column":18},"end":{"line":48,"column":29}}],"line":48}},"s":{"0":32,"1":32,"2":32,"3":32,"4":32,"5":8,"6":8,"7":8,"8":8,"9":32,"10":1,"11":32,"12":8,"13":32,"14":12,"15":12,"16":0},"f":{"0":32,"1":8,"2":1,"3":8,"4":12,"5":12,"6":0},"b":{"0":[32,32],"1":[32,8]},"_coverageSchema":"1a1c01bbd47fc00a2c39e90264f33305004495a9","hash":"c33e99114c7b7a66e7a61da543cc83252018ba23"}
,"/home/andre/Documents/dev/react-native/productsMobile/src/screens/home/styles.ts": {"path":"/home/andre/Documents/dev/react-native/productsMobile/src/screens/home/styles.ts","statementMap":{"0":{"start":{"line":6,"column":25},"end":{"line":9,"column":1}},"1":{"start":{"line":11,"column":27},"end":{"line":13,"column":1}},"2":{"start":{"line":15,"column":20},"end":{"line":18,"column":1}}},"fnMap":{},"branchMap":{},"s":{"0":2,"1":2,"2":2},"f":{},"b":{},"_coverageSchema":"1a1c01bbd47fc00a2c39e90264f33305004495a9","hash":"ae7c95cf8f7da1c8012e2d15844c197b0864a7d0"}
,"/home/andre/Documents/dev/react-native/productsMobile/src/services/api/index.ts": {"path":"/home/andre/Documents/dev/react-native/productsMobile/src/services/api/index.ts","statementMap":{"0":{"start":{"line":5,"column":12},"end":{"line":10,"column":2}}},"fnMap":{},"branchMap":{},"s":{"0":1},"f":{},"b":{},"_coverageSchema":"1a1c01bbd47fc00a2c39e90264f33305004495a9","hash":"f7222885269b3101a66a66b129e6a2dfc6fa1cb2"}
,"/home/andre/Documents/dev/react-native/productsMobile/src/services/api/products.ts": {"path":"/home/andre/Documents/dev/react-native/productsMobile/src/services/api/products.ts","statementMap":{"0":{"start":{"line":12,"column":2},"end":{"line":18,"column":3}},"1":{"start":{"line":13,"column":21},"end":{"line":13,"column":47}},"2":{"start":{"line":14,"column":21},"end":{"line":14,"column":29}},"3":{"start":{"line":15,"column":4},"end":{"line":15,"column":16}},"4":{"start":{"line":17,"column":4},"end":{"line":17,"column":14}}},"fnMap":{"0":{"name":"getProducts","decl":{"start":{"line":11,"column":22},"end":{"line":11,"column":33}},"loc":{"start":{"line":11,"column":57},"end":{"line":19,"column":1}},"line":11}},"branchMap":{},"s":{"0":2,"1":2,"2":0,"3":0,"4":2},"f":{"0":2},"b":{},"_coverageSchema":"1a1c01bbd47fc00a2c39e90264f33305004495a9","hash":"684af6a649fa67498fd9b62f2dd0755e51aec534"}
}
