TN:
SF:src/routes.tsx
FN:17,Routes
FNF:1
FNH:1
FNDA:2,Routes
DA:15,1
DA:18,2
LF:2
LH:2
BRF:0
BRH:0
end_of_record
TN:
SF:src/common/convert-money.ts
FN:1,(anonymous_0)
FNF:1
FNH:1
FNDA:37,(anonymous_0)
DA:1,5
DA:2,37
DA:3,37
LF:3
LH:3
BRF:0
BRH:0
end_of_record
TN:
SF:src/components/header/index.tsx
FN:14,Header
FN:15,(anonymous_1)
FNF:2
FNH:2
FNDA:44,Header
FNDA:34,(anonymous_1)
DA:15,44
DA:16,34
DA:17,1
DA:25,44
LF:4
LH:4
BRDA:16,0,0,1
BRDA:16,0,1,33
BRDA:28,1,0,44
BRDA:28,1,1,8
BRDA:32,2,0,44
BRDA:32,2,1,34
BRF:6
BRH:6
end_of_record
TN:
SF:src/components/header/styles.ts
FNF:0
FNH:0
DA:6,4
DA:8,4
DA:17,4
DA:23,4
DA:28,4
LF:5
LH:5
BRF:0
BRH:0
end_of_record
TN:
SF:src/components/loading/index.tsx
FN:6,Loading
FNF:1
FNH:1
FNDA:9,Loading
DA:7,9
LF:1
LH:1
BRF:0
BRH:0
end_of_record
TN:
SF:src/components/product/index.tsx
FN:21,Product
FN:25,(anonymous_1)
FN:27,(anonymous_2)
FNF:3
FNH:3
FNDA:16,Product
FNDA:1,(anonymous_1)
FNDA:2,(anonymous_2)
DA:22,16
DA:24,16
DA:25,16
DA:27,16
DA:28,2
DA:29,1
DA:31,1
DA:34,16
LF:8
LH:8
BRDA:28,0,0,1
BRDA:28,0,1,1
BRDA:47,1,0,1
BRDA:47,1,1,15
BRF:4
BRH:4
end_of_record
TN:
SF:src/components/product/styles.ts
FN:59,(anonymous_0)
FNF:1
FNH:1
FNDA:16,(anonymous_0)
DA:6,3
DA:12,3
DA:20,3
DA:31,3
DA:39,3
DA:46,3
DA:52,3
DA:57,3
DA:59,16
DA:62,3
LF:10
LH:10
BRDA:59,0,0,1
BRDA:59,0,1,15
BRF:2
BRH:2
end_of_record
TN:
SF:src/components/row-item/index.tsx
FN:24,RowItem
FN:36,(anonymous_1)
FNF:2
FNH:2
FNDA:14,RowItem
FNDA:1,(anonymous_1)
DA:25,14
DA:36,1
LF:2
LH:2
BRF:0
BRH:0
end_of_record
TN:
SF:src/components/row-item/styles.ts
FNF:0
FNH:0
DA:6,3
DA:8,3
DA:20,3
DA:22,3
DA:27,3
DA:35,3
DA:41,3
DA:46,3
LF:8
LH:8
BRF:0
BRH:0
end_of_record
TN:
SF:src/config/service.ts
FNF:0
FNH:0
DA:1,1
DA:2,1
DA:4,1
LF:3
LH:3
BRDA:4,0,0,1
BRDA:4,0,1,0
BRF:2
BRH:1
end_of_record
TN:
SF:src/constants/colors.ts
FNF:0
FNH:0
DA:1,7
LF:1
LH:1
BRF:0
BRH:0
end_of_record
TN:
SF:src/providers/cart.tsx
FN:18,(anonymous_0)
FN:22,(anonymous_1)
FN:27,(anonymous_2)
FN:28,(anonymous_3)
FN:36,(anonymous_4)
FN:49,(anonymous_5)
FNF:6
FNH:2
FNDA:2,(anonymous_0)
FNDA:0,(anonymous_1)
FNDA:0,(anonymous_2)
FNDA:0,(anonymous_3)
FNDA:0,(anonymous_4)
FNDA:55,(anonymous_5)
DA:12,4
DA:18,4
DA:19,2
DA:20,2
DA:22,2
DA:23,0
DA:24,0
DA:27,2
DA:28,0
DA:29,0
DA:30,0
DA:32,0
DA:33,0
DA:36,2
DA:37,0
DA:38,0
DA:41,2
DA:49,55
LF:18
LH:9
BRDA:29,0,0,0
BRDA:29,0,1,0
BRF:2
BRH:0
end_of_record
TN:
SF:src/screens/cart/index.tsx
FN:27,CartScreen
FN:32,(anonymous_1)
FN:36,(anonymous_2)
FN:41,(anonymous_3)
FN:45,(anonymous_4)
FN:57,(anonymous_5)
FNF:6
FNH:5
FNDA:7,CartScreen
FNDA:0,(anonymous_1)
FNDA:1,(anonymous_2)
FNDA:1,(anonymous_3)
FNDA:7,(anonymous_4)
FNDA:11,(anonymous_5)
DA:28,7
DA:30,7
DA:32,7
DA:33,0
DA:36,7
DA:37,1
DA:38,1
DA:41,7
DA:42,1
DA:45,7
DA:46,7
DA:47,5
DA:49,2
DA:52,7
DA:58,11
LF:15
LH:14
BRDA:30,0,0,7
BRDA:30,0,1,7
BRDA:46,1,0,5
BRDA:46,1,1,2
BRDA:66,2,0,7
BRDA:66,2,1,5
BRF:6
BRH:6
end_of_record
TN:
SF:src/screens/cart/styles.ts
FNF:0
FNH:0
DA:5,2
DA:10,2
DA:15,2
DA:21,2
DA:27,2
DA:33,2
LF:6
LH:6
BRF:0
BRH:0
end_of_record
TN:
SF:src/screens/home/index.tsx
FN:20,HomeScreen
FN:27,(anonymous_1)
FN:34,(anonymous_2)
FN:38,(anonymous_3)
FN:51,(anonymous_4)
FN:52,(anonymous_5)
FN:54,(anonymous_6)
FNF:7
FNH:6
FNDA:32,HomeScreen
FNDA:8,(anonymous_1)
FNDA:1,(anonymous_2)
FNDA:8,(anonymous_3)
FNDA:12,(anonymous_4)
FNDA:12,(anonymous_5)
FNDA:0,(anonymous_6)
DA:21,32
DA:23,32
DA:24,32
DA:25,32
DA:27,32
DA:28,8
DA:29,8
DA:30,8
DA:31,8
DA:34,32
DA:35,1
DA:38,32
DA:39,8
DA:42,32
DA:51,12
DA:52,12
DA:54,0
LF:17
LH:16
BRDA:46,0,0,32
BRDA:46,0,1,32
BRDA:48,1,0,32
BRDA:48,1,1,8
BRF:4
BRH:4
end_of_record
TN:
SF:src/screens/home/styles.ts
FNF:0
FNH:0
DA:6,2
DA:11,2
DA:15,2
LF:3
LH:3
BRF:0
BRH:0
end_of_record
TN:
SF:src/services/api/index.ts
FNF:0
FNH:0
DA:5,1
LF:1
LH:1
BRF:0
BRH:0
end_of_record
TN:
SF:src/services/api/products.ts
FN:11,getProducts
FNF:1
FNH:1
FNDA:2,getProducts
DA:12,2
DA:13,2
DA:14,0
DA:15,0
DA:17,2
LF:5
LH:3
BRF:0
BRH:0
end_of_record
